[0m21:28:58.231583 [debug] [MainThread]: Sending event: {'category': 'dbt', 'action': 'invocation', 'label': 'start', 'context': [<snowplow_tracker.self_describing_json.SelfDescribingJson object at 0x7fb17b499bd0>, <snowplow_tracker.self_describing_json.SelfDescribingJson object at 0x7fb179d375b0>, <snowplow_tracker.self_describing_json.SelfDescribingJson object at 0x7fb179d37af0>]}


============================== 21:28:58.238759 | 7833f19f-dedb-40cb-9ad5-58eef2a3ff9f ==============================
[0m21:28:58.238759 [info ] [MainThread]: Running with dbt=1.8.5
[0m21:28:58.240640 [debug] [MainThread]: running dbt with arguments {'printer_width': '80', 'indirect_selection': 'eager', 'log_cache_events': 'False', 'write_json': 'True', 'partial_parse': 'True', 'cache_selected_only': 'False', 'profiles_dir': '/home/alivebook/.dbt', 'debug': 'False', 'fail_fast': 'False', 'log_path': 'logs', 'version_check': 'True', 'warn_error': 'None', 'use_colors': 'True', 'use_experimental_parser': 'False', 'empty': 'None', 'quiet': 'False', 'no_print': 'None', 'warn_error_options': 'WarnErrorOptions(include=[], exclude=[])', 'introspect': 'True', 'invocation_command': 'dbt init dbt', 'log_format': 'default', 'target_path': 'None', 'static_parser': 'True', 'send_anonymous_usage_stats': 'True'}
[0m21:28:58.251066 [warn ] [MainThread]: [ConfigFolderDirectory]: Unable to parse dict {'dir': PosixPath('/home/alivebook/.dbt')}
[0m21:28:58.253430 [info ] [MainThread]: Creating dbt configuration folder at 
[0m21:30:20.921826 [debug] [MainThread]: Starter project path: /home/alivebook/.local/lib/python3.10/site-packages/dbt/include/starter_project
[0m21:30:21.175529 [info ] [MainThread]: 
Your new dbt project "transform_dbt" was created!

For more information on how to configure the profiles.yml file,
please consult the dbt documentation here:

  https://docs.getdbt.com/docs/configure-your-profile

One more thing:

Need help? Don't hesitate to reach out to us via GitHub issues or on Slack:

  https://community.getdbt.com/

Happy modeling!

[0m21:30:21.178018 [info ] [MainThread]: Setting up your profile.
[0m21:32:14.552246 [info ] [MainThread]: Profile transform_dbt written to /home/alivebook/.dbt/profiles.yml using target's profile_template.yml and your supplied values. Run 'dbt debug' to validate the connection.
[0m21:32:14.565887 [debug] [MainThread]: Resource report: {"command_name": "init", "command_success": true, "command_wall_clock_time": 196.4172, "process_user_time": 1.792897, "process_kernel_time": 0.121552, "process_mem_max_rss": "89892", "process_in_blocks": "72", "process_out_blocks": "8"}
[0m21:32:14.567965 [debug] [MainThread]: Command `dbt init` succeeded at 21:32:14.567655 after 196.42 seconds
[0m21:32:14.569704 [debug] [MainThread]: Sending event: {'category': 'dbt', 'action': 'invocation', 'label': 'end', 'context': [<snowplow_tracker.self_describing_json.SelfDescribingJson object at 0x7fb17b499bd0>, <snowplow_tracker.self_describing_json.SelfDescribingJson object at 0x7fb17b7b75e0>, <snowplow_tracker.self_describing_json.SelfDescribingJson object at 0x7fb179d373d0>]}
[0m21:32:14.571041 [debug] [MainThread]: Flushing usage events
